 2020-07-06 21:19:58,839 - INFO - Starting new HTTPS connection (1): api.telegram.org
 2020-07-06 21:20:00,015 - DEBUG - "GET /bot11f89ba4dfd125337917c5caba6803e888359fb3/getUpdates?offset=1&timeout=20 HTTP/1.1" 404 55
 2020-07-06 21:20:00,377 - ERROR - ApiException occurred, args=('A request to the Telegram API was unsuccessful. The server returned HTTP 404 Not Found. Response body:\n[b\'{"ok":false,"error_code":404,"description":"Not Found"}\']',)
Traceback (most recent call last):
  File "C:\Users\Phantom28\Desktop\Work\projects\bot-master\venv\lib\site-packages\telebot\util.py", line 59, in run
    task(*args, **kwargs)
  File "C:\Users\Phantom28\Desktop\Work\projects\bot-master\venv\lib\site-packages\telebot\__init__.py", line 276, in __retrieve_updates
    updates = self.get_updates(offset=(self.last_update_id + 1), timeout=timeout)
  File "C:\Users\Phantom28\Desktop\Work\projects\bot-master\venv\lib\site-packages\telebot\__init__.py", line 246, in get_updates
    json_updates = apihelper.get_updates(self.token, offset, limit, timeout, allowed_updates)
  File "C:\Users\Phantom28\Desktop\Work\projects\bot-master\venv\lib\site-packages\telebot\apihelper.py", line 180, in get_updates
    return _make_request(token, method_url, params=payload)
  File "C:\Users\Phantom28\Desktop\Work\projects\bot-master\venv\lib\site-packages\telebot\apihelper.py", line 56, in _make_request
    return _check_result(method_name, result)['result']
  File "C:\Users\Phantom28\Desktop\Work\projects\bot-master\venv\lib\site-packages\telebot\apihelper.py", line 75, in _check_result
    raise ApiException(msg, method_name, result)
telebot.apihelper.ApiException: A request to the Telegram API was unsuccessful. The server returned HTTP 404 Not Found. Response body:
[b'{"ok":false,"error_code":404,"description":"Not Found"}']

 2020-07-06 21:20:00,377 - ERROR - A request to the Telegram API was unsuccessful. The server returned HTTP 404 Not Found. Response body:
[b'{"ok":false,"error_code":404,"description":"Not Found"}']
 2020-07-06 21:20:00,935 - DEBUG - "GET /bot11f89ba4dfd125337917c5caba6803e888359fb3/getUpdates?offset=1&timeout=20 HTTP/1.1" 404 55
 2020-07-06 21:20:00,935 - ERROR - ApiException occurred, args=('A request to the Telegram API was unsuccessful. The server returned HTTP 404 Not Found. Response body:\n[b\'{"ok":false,"error_code":404,"description":"Not Found"}\']',)
Traceback (most recent call last):
  File "C:\Users\Phantom28\Desktop\Work\projects\bot-master\venv\lib\site-packages\telebot\util.py", line 59, in run
    task(*args, **kwargs)
  File "C:\Users\Phantom28\Desktop\Work\projects\bot-master\venv\lib\site-packages\telebot\__init__.py", line 276, in __retrieve_updates
    updates = self.get_updates(offset=(self.last_update_id + 1), timeout=timeout)
  File "C:\Users\Phantom28\Desktop\Work\projects\bot-master\venv\lib\site-packages\telebot\__init__.py", line 246, in get_updates
    json_updates = apihelper.get_updates(self.token, offset, limit, timeout, allowed_updates)
  File "C:\Users\Phantom28\Desktop\Work\projects\bot-master\venv\lib\site-packages\telebot\apihelper.py", line 180, in get_updates
    return _make_request(token, method_url, params=payload)
  File "C:\Users\Phantom28\Desktop\Work\projects\bot-master\venv\lib\site-packages\telebot\apihelper.py", line 56, in _make_request
    return _check_result(method_name, result)['result']
  File "C:\Users\Phantom28\Desktop\Work\projects\bot-master\venv\lib\site-packages\telebot\apihelper.py", line 75, in _check_result
    raise ApiException(msg, method_name, result)
telebot.apihelper.ApiException: A request to the Telegram API was unsuccessful. The server returned HTTP 404 Not Found. Response body:
[b'{"ok":false,"error_code":404,"description":"Not Found"}']

 2020-07-06 21:20:00,936 - ERROR - A request to the Telegram API was unsuccessful. The server returned HTTP 404 Not Found. Response body:
[b'{"ok":false,"error_code":404,"description":"Not Found"}']
 2020-07-06 21:20:01,549 - DEBUG - "GET /bot11f89ba4dfd125337917c5caba6803e888359fb3/getUpdates?offset=1&timeout=20 HTTP/1.1" 404 55
 2020-07-06 21:20:01,550 - ERROR - ApiException occurred, args=('A request to the Telegram API was unsuccessful. The server returned HTTP 404 Not Found. Response body:\n[b\'{"ok":false,"error_code":404,"description":"Not Found"}\']',)
Traceback (most recent call last):
  File "C:\Users\Phantom28\Desktop\Work\projects\bot-master\venv\lib\site-packages\telebot\util.py", line 59, in run
    task(*args, **kwargs)
  File "C:\Users\Phantom28\Desktop\Work\projects\bot-master\venv\lib\site-packages\telebot\__init__.py", line 276, in __retrieve_updates
    updates = self.get_updates(offset=(self.last_update_id + 1), timeout=timeout)
  File "C:\Users\Phantom28\Desktop\Work\projects\bot-master\venv\lib\site-packages\telebot\__init__.py", line 246, in get_updates
    json_updates = apihelper.get_updates(self.token, offset, limit, timeout, allowed_updates)
  File "C:\Users\Phantom28\Desktop\Work\projects\bot-master\venv\lib\site-packages\telebot\apihelper.py", line 180, in get_updates
    return _make_request(token, method_url, params=payload)
  File "C:\Users\Phantom28\Desktop\Work\projects\bot-master\venv\lib\site-packages\telebot\apihelper.py", line 56, in _make_request
    return _check_result(method_name, result)['result']
  File "C:\Users\Phantom28\Desktop\Work\projects\bot-master\venv\lib\site-packages\telebot\apihelper.py", line 75, in _check_result
    raise ApiException(msg, method_name, result)
telebot.apihelper.ApiException: A request to the Telegram API was unsuccessful. The server returned HTTP 404 Not Found. Response body:
[b'{"ok":false,"error_code":404,"description":"Not Found"}']

 2020-07-06 21:20:01,550 - ERROR - A request to the Telegram API was unsuccessful. The server returned HTTP 404 Not Found. Response body:
[b'{"ok":false,"error_code":404,"description":"Not Found"}']
 2020-07-06 21:20:02,652 - DEBUG - "GET /bot11f89ba4dfd125337917c5caba6803e888359fb3/getUpdates?offset=1&timeout=20 HTTP/1.1" 404 55
 2020-07-06 21:20:02,653 - ERROR - ApiException occurred, args=('A request to the Telegram API was unsuccessful. The server returned HTTP 404 Not Found. Response body:\n[b\'{"ok":false,"error_code":404,"description":"Not Found"}\']',)
Traceback (most recent call last):
  File "C:\Users\Phantom28\Desktop\Work\projects\bot-master\venv\lib\site-packages\telebot\util.py", line 59, in run
    task(*args, **kwargs)
  File "C:\Users\Phantom28\Desktop\Work\projects\bot-master\venv\lib\site-packages\telebot\__init__.py", line 276, in __retrieve_updates
    updates = self.get_updates(offset=(self.last_update_id + 1), timeout=timeout)
  File "C:\Users\Phantom28\Desktop\Work\projects\bot-master\venv\lib\site-packages\telebot\__init__.py", line 246, in get_updates
    json_updates = apihelper.get_updates(self.token, offset, limit, timeout, allowed_updates)
  File "C:\Users\Phantom28\Desktop\Work\projects\bot-master\venv\lib\site-packages\telebot\apihelper.py", line 180, in get_updates
    return _make_request(token, method_url, params=payload)
  File "C:\Users\Phantom28\Desktop\Work\projects\bot-master\venv\lib\site-packages\telebot\apihelper.py", line 56, in _make_request
    return _check_result(method_name, result)['result']
  File "C:\Users\Phantom28\Desktop\Work\projects\bot-master\venv\lib\site-packages\telebot\apihelper.py", line 75, in _check_result
    raise ApiException(msg, method_name, result)
telebot.apihelper.ApiException: A request to the Telegram API was unsuccessful. The server returned HTTP 404 Not Found. Response body:
[b'{"ok":false,"error_code":404,"description":"Not Found"}']

 2020-07-06 21:20:02,653 - ERROR - A request to the Telegram API was unsuccessful. The server returned HTTP 404 Not Found. Response body:
[b'{"ok":false,"error_code":404,"description":"Not Found"}']
 2020-07-06 21:20:04,827 - DEBUG - "GET /bot11f89ba4dfd125337917c5caba6803e888359fb3/getUpdates?offset=1&timeout=20 HTTP/1.1" 404 55
 2020-07-06 21:20:04,827 - ERROR - ApiException occurred, args=('A request to the Telegram API was unsuccessful. The server returned HTTP 404 Not Found. Response body:\n[b\'{"ok":false,"error_code":404,"description":"Not Found"}\']',)
Traceback (most recent call last):
  File "C:\Users\Phantom28\Desktop\Work\projects\bot-master\venv\lib\site-packages\telebot\util.py", line 59, in run
    task(*args, **kwargs)
  File "C:\Users\Phantom28\Desktop\Work\projects\bot-master\venv\lib\site-packages\telebot\__init__.py", line 276, in __retrieve_updates
    updates = self.get_updates(offset=(self.last_update_id + 1), timeout=timeout)
  File "C:\Users\Phantom28\Desktop\Work\projects\bot-master\venv\lib\site-packages\telebot\__init__.py", line 246, in get_updates
    json_updates = apihelper.get_updates(self.token, offset, limit, timeout, allowed_updates)
  File "C:\Users\Phantom28\Desktop\Work\projects\bot-master\venv\lib\site-packages\telebot\apihelper.py", line 180, in get_updates
    return _make_request(token, method_url, params=payload)
  File "C:\Users\Phantom28\Desktop\Work\projects\bot-master\venv\lib\site-packages\telebot\apihelper.py", line 56, in _make_request
    return _check_result(method_name, result)['result']
  File "C:\Users\Phantom28\Desktop\Work\projects\bot-master\venv\lib\site-packages\telebot\apihelper.py", line 75, in _check_result
    raise ApiException(msg, method_name, result)
telebot.apihelper.ApiException: A request to the Telegram API was unsuccessful. The server returned HTTP 404 Not Found. Response body:
[b'{"ok":false,"error_code":404,"description":"Not Found"}']

 2020-07-06 21:20:04,828 - ERROR - A request to the Telegram API was unsuccessful. The server returned HTTP 404 Not Found. Response body:
[b'{"ok":false,"error_code":404,"description":"Not Found"}']
 2020-07-06 21:20:08,926 - DEBUG - "GET /bot11f89ba4dfd125337917c5caba6803e888359fb3/getUpdates?offset=1&timeout=20 HTTP/1.1" 404 55
 2020-07-06 21:20:08,927 - ERROR - ApiException occurred, args=('A request to the Telegram API was unsuccessful. The server returned HTTP 404 Not Found. Response body:\n[b\'{"ok":false,"error_code":404,"description":"Not Found"}\']',)
Traceback (most recent call last):
  File "C:\Users\Phantom28\Desktop\Work\projects\bot-master\venv\lib\site-packages\telebot\util.py", line 59, in run
    task(*args, **kwargs)
  File "C:\Users\Phantom28\Desktop\Work\projects\bot-master\venv\lib\site-packages\telebot\__init__.py", line 276, in __retrieve_updates
    updates = self.get_updates(offset=(self.last_update_id + 1), timeout=timeout)
  File "C:\Users\Phantom28\Desktop\Work\projects\bot-master\venv\lib\site-packages\telebot\__init__.py", line 246, in get_updates
    json_updates = apihelper.get_updates(self.token, offset, limit, timeout, allowed_updates)
  File "C:\Users\Phantom28\Desktop\Work\projects\bot-master\venv\lib\site-packages\telebot\apihelper.py", line 180, in get_updates
    return _make_request(token, method_url, params=payload)
  File "C:\Users\Phantom28\Desktop\Work\projects\bot-master\venv\lib\site-packages\telebot\apihelper.py", line 56, in _make_request
    return _check_result(method_name, result)['result']
  File "C:\Users\Phantom28\Desktop\Work\projects\bot-master\venv\lib\site-packages\telebot\apihelper.py", line 75, in _check_result
    raise ApiException(msg, method_name, result)
telebot.apihelper.ApiException: A request to the Telegram API was unsuccessful. The server returned HTTP 404 Not Found. Response body:
[b'{"ok":false,"error_code":404,"description":"Not Found"}']

 2020-07-06 21:20:08,927 - ERROR - A request to the Telegram API was unsuccessful. The server returned HTTP 404 Not Found. Response body:
[b'{"ok":false,"error_code":404,"description":"Not Found"}']
 2020-07-06 21:20:17,217 - DEBUG - "GET /bot11f89ba4dfd125337917c5caba6803e888359fb3/getUpdates?offset=1&timeout=20 HTTP/1.1" 404 55
 2020-07-06 21:20:17,218 - ERROR - ApiException occurred, args=('A request to the Telegram API was unsuccessful. The server returned HTTP 404 Not Found. Response body:\n[b\'{"ok":false,"error_code":404,"description":"Not Found"}\']',)
Traceback (most recent call last):
  File "C:\Users\Phantom28\Desktop\Work\projects\bot-master\venv\lib\site-packages\telebot\util.py", line 59, in run
    task(*args, **kwargs)
  File "C:\Users\Phantom28\Desktop\Work\projects\bot-master\venv\lib\site-packages\telebot\__init__.py", line 276, in __retrieve_updates
    updates = self.get_updates(offset=(self.last_update_id + 1), timeout=timeout)
  File "C:\Users\Phantom28\Desktop\Work\projects\bot-master\venv\lib\site-packages\telebot\__init__.py", line 246, in get_updates
    json_updates = apihelper.get_updates(self.token, offset, limit, timeout, allowed_updates)
  File "C:\Users\Phantom28\Desktop\Work\projects\bot-master\venv\lib\site-packages\telebot\apihelper.py", line 180, in get_updates
    return _make_request(token, method_url, params=payload)
  File "C:\Users\Phantom28\Desktop\Work\projects\bot-master\venv\lib\site-packages\telebot\apihelper.py", line 56, in _make_request
    return _check_result(method_name, result)['result']
  File "C:\Users\Phantom28\Desktop\Work\projects\bot-master\venv\lib\site-packages\telebot\apihelper.py", line 75, in _check_result
    raise ApiException(msg, method_name, result)
telebot.apihelper.ApiException: A request to the Telegram API was unsuccessful. The server returned HTTP 404 Not Found. Response body:
[b'{"ok":false,"error_code":404,"description":"Not Found"}']

 2020-07-06 21:20:17,218 - ERROR - A request to the Telegram API was unsuccessful. The server returned HTTP 404 Not Found. Response body:
[b'{"ok":false,"error_code":404,"description":"Not Found"}']
 2020-07-06 21:20:32,184 - INFO - Starting new HTTPS connection (1): api.telegram.org
 2020-07-06 21:20:33,089 - DEBUG - "GET /bot11f89ba4dfd125337917c5caba6803e888359fb3/getUpdates?offset=1&timeout=20 HTTP/1.1" 404 55
 2020-07-06 21:20:33,113 - ERROR - ApiException occurred, args=('A request to the Telegram API was unsuccessful. The server returned HTTP 404 Not Found. Response body:\n[b\'{"ok":false,"error_code":404,"description":"Not Found"}\']',)
Traceback (most recent call last):
  File "C:\Users\Phantom28\Desktop\Work\projects\bot-master\venv\lib\site-packages\telebot\util.py", line 59, in run
    task(*args, **kwargs)
  File "C:\Users\Phantom28\Desktop\Work\projects\bot-master\venv\lib\site-packages\telebot\__init__.py", line 276, in __retrieve_updates
    updates = self.get_updates(offset=(self.last_update_id + 1), timeout=timeout)
  File "C:\Users\Phantom28\Desktop\Work\projects\bot-master\venv\lib\site-packages\telebot\__init__.py", line 246, in get_updates
    json_updates = apihelper.get_updates(self.token, offset, limit, timeout, allowed_updates)
  File "C:\Users\Phantom28\Desktop\Work\projects\bot-master\venv\lib\site-packages\telebot\apihelper.py", line 180, in get_updates
    return _make_request(token, method_url, params=payload)
  File "C:\Users\Phantom28\Desktop\Work\projects\bot-master\venv\lib\site-packages\telebot\apihelper.py", line 56, in _make_request
    return _check_result(method_name, result)['result']
  File "C:\Users\Phantom28\Desktop\Work\projects\bot-master\venv\lib\site-packages\telebot\apihelper.py", line 75, in _check_result
    raise ApiException(msg, method_name, result)
telebot.apihelper.ApiException: A request to the Telegram API was unsuccessful. The server returned HTTP 404 Not Found. Response body:
[b'{"ok":false,"error_code":404,"description":"Not Found"}']

 2020-07-06 21:20:33,114 - ERROR - A request to the Telegram API was unsuccessful. The server returned HTTP 404 Not Found. Response body:
[b'{"ok":false,"error_code":404,"description":"Not Found"}']
 2020-07-06 21:20:33,498 - DEBUG - "GET /bot11f89ba4dfd125337917c5caba6803e888359fb3/getUpdates?offset=1&timeout=20 HTTP/1.1" 404 55
 2020-07-06 21:20:33,499 - ERROR - ApiException occurred, args=('A request to the Telegram API was unsuccessful. The server returned HTTP 404 Not Found. Response body:\n[b\'{"ok":false,"error_code":404,"description":"Not Found"}\']',)
Traceback (most recent call last):
  File "C:\Users\Phantom28\Desktop\Work\projects\bot-master\venv\lib\site-packages\telebot\util.py", line 59, in run
    task(*args, **kwargs)
  File "C:\Users\Phantom28\Desktop\Work\projects\bot-master\venv\lib\site-packages\telebot\__init__.py", line 276, in __retrieve_updates
    updates = self.get_updates(offset=(self.last_update_id + 1), timeout=timeout)
  File "C:\Users\Phantom28\Desktop\Work\projects\bot-master\venv\lib\site-packages\telebot\__init__.py", line 246, in get_updates
    json_updates = apihelper.get_updates(self.token, offset, limit, timeout, allowed_updates)
  File "C:\Users\Phantom28\Desktop\Work\projects\bot-master\venv\lib\site-packages\telebot\apihelper.py", line 180, in get_updates
    return _make_request(token, method_url, params=payload)
  File "C:\Users\Phantom28\Desktop\Work\projects\bot-master\venv\lib\site-packages\telebot\apihelper.py", line 56, in _make_request
    return _check_result(method_name, result)['result']
  File "C:\Users\Phantom28\Desktop\Work\projects\bot-master\venv\lib\site-packages\telebot\apihelper.py", line 75, in _check_result
    raise ApiException(msg, method_name, result)
telebot.apihelper.ApiException: A request to the Telegram API was unsuccessful. The server returned HTTP 404 Not Found. Response body:
[b'{"ok":false,"error_code":404,"description":"Not Found"}']

 2020-07-06 21:20:33,499 - ERROR - A request to the Telegram API was unsuccessful. The server returned HTTP 404 Not Found. Response body:
[b'{"ok":false,"error_code":404,"description":"Not Found"}']
 2020-07-06 21:20:34,216 - DEBUG - "GET /bot11f89ba4dfd125337917c5caba6803e888359fb3/getUpdates?offset=1&timeout=20 HTTP/1.1" 404 55
 2020-07-06 21:20:34,216 - ERROR - ApiException occurred, args=('A request to the Telegram API was unsuccessful. The server returned HTTP 404 Not Found. Response body:\n[b\'{"ok":false,"error_code":404,"description":"Not Found"}\']',)
Traceback (most recent call last):
  File "C:\Users\Phantom28\Desktop\Work\projects\bot-master\venv\lib\site-packages\telebot\util.py", line 59, in run
    task(*args, **kwargs)
  File "C:\Users\Phantom28\Desktop\Work\projects\bot-master\venv\lib\site-packages\telebot\__init__.py", line 276, in __retrieve_updates
    updates = self.get_updates(offset=(self.last_update_id + 1), timeout=timeout)
  File "C:\Users\Phantom28\Desktop\Work\projects\bot-master\venv\lib\site-packages\telebot\__init__.py", line 246, in get_updates
    json_updates = apihelper.get_updates(self.token, offset, limit, timeout, allowed_updates)
  File "C:\Users\Phantom28\Desktop\Work\projects\bot-master\venv\lib\site-packages\telebot\apihelper.py", line 180, in get_updates
    return _make_request(token, method_url, params=payload)
  File "C:\Users\Phantom28\Desktop\Work\projects\bot-master\venv\lib\site-packages\telebot\apihelper.py", line 56, in _make_request
    return _check_result(method_name, result)['result']
  File "C:\Users\Phantom28\Desktop\Work\projects\bot-master\venv\lib\site-packages\telebot\apihelper.py", line 75, in _check_result
    raise ApiException(msg, method_name, result)
telebot.apihelper.ApiException: A request to the Telegram API was unsuccessful. The server returned HTTP 404 Not Found. Response body:
[b'{"ok":false,"error_code":404,"description":"Not Found"}']

 2020-07-06 21:20:34,216 - ERROR - A request to the Telegram API was unsuccessful. The server returned HTTP 404 Not Found. Response body:
[b'{"ok":false,"error_code":404,"description":"Not Found"}']
 2020-07-06 21:20:35,446 - DEBUG - "GET /bot11f89ba4dfd125337917c5caba6803e888359fb3/getUpdates?offset=1&timeout=20 HTTP/1.1" 404 55
 2020-07-06 21:20:35,446 - ERROR - ApiException occurred, args=('A request to the Telegram API was unsuccessful. The server returned HTTP 404 Not Found. Response body:\n[b\'{"ok":false,"error_code":404,"description":"Not Found"}\']',)
Traceback (most recent call last):
  File "C:\Users\Phantom28\Desktop\Work\projects\bot-master\venv\lib\site-packages\telebot\util.py", line 59, in run
    task(*args, **kwargs)
  File "C:\Users\Phantom28\Desktop\Work\projects\bot-master\venv\lib\site-packages\telebot\__init__.py", line 276, in __retrieve_updates
    updates = self.get_updates(offset=(self.last_update_id + 1), timeout=timeout)
  File "C:\Users\Phantom28\Desktop\Work\projects\bot-master\venv\lib\site-packages\telebot\__init__.py", line 246, in get_updates
    json_updates = apihelper.get_updates(self.token, offset, limit, timeout, allowed_updates)
  File "C:\Users\Phantom28\Desktop\Work\projects\bot-master\venv\lib\site-packages\telebot\apihelper.py", line 180, in get_updates
    return _make_request(token, method_url, params=payload)
  File "C:\Users\Phantom28\Desktop\Work\projects\bot-master\venv\lib\site-packages\telebot\apihelper.py", line 56, in _make_request
    return _check_result(method_name, result)['result']
  File "C:\Users\Phantom28\Desktop\Work\projects\bot-master\venv\lib\site-packages\telebot\apihelper.py", line 75, in _check_result
    raise ApiException(msg, method_name, result)
telebot.apihelper.ApiException: A request to the Telegram API was unsuccessful. The server returned HTTP 404 Not Found. Response body:
[b'{"ok":false,"error_code":404,"description":"Not Found"}']

 2020-07-06 21:20:35,447 - ERROR - A request to the Telegram API was unsuccessful. The server returned HTTP 404 Not Found. Response body:
[b'{"ok":false,"error_code":404,"description":"Not Found"}']
 2020-07-06 21:20:37,593 - DEBUG - "GET /bot11f89ba4dfd125337917c5caba6803e888359fb3/getUpdates?offset=1&timeout=20 HTTP/1.1" 404 55
 2020-07-06 21:20:37,594 - ERROR - ApiException occurred, args=('A request to the Telegram API was unsuccessful. The server returned HTTP 404 Not Found. Response body:\n[b\'{"ok":false,"error_code":404,"description":"Not Found"}\']',)
Traceback (most recent call last):
  File "C:\Users\Phantom28\Desktop\Work\projects\bot-master\venv\lib\site-packages\telebot\util.py", line 59, in run
    task(*args, **kwargs)
  File "C:\Users\Phantom28\Desktop\Work\projects\bot-master\venv\lib\site-packages\telebot\__init__.py", line 276, in __retrieve_updates
    updates = self.get_updates(offset=(self.last_update_id + 1), timeout=timeout)
  File "C:\Users\Phantom28\Desktop\Work\projects\bot-master\venv\lib\site-packages\telebot\__init__.py", line 246, in get_updates
    json_updates = apihelper.get_updates(self.token, offset, limit, timeout, allowed_updates)
  File "C:\Users\Phantom28\Desktop\Work\projects\bot-master\venv\lib\site-packages\telebot\apihelper.py", line 180, in get_updates
    return _make_request(token, method_url, params=payload)
  File "C:\Users\Phantom28\Desktop\Work\projects\bot-master\venv\lib\site-packages\telebot\apihelper.py", line 56, in _make_request
    return _check_result(method_name, result)['result']
  File "C:\Users\Phantom28\Desktop\Work\projects\bot-master\venv\lib\site-packages\telebot\apihelper.py", line 75, in _check_result
    raise ApiException(msg, method_name, result)
telebot.apihelper.ApiException: A request to the Telegram API was unsuccessful. The server returned HTTP 404 Not Found. Response body:
[b'{"ok":false,"error_code":404,"description":"Not Found"}']

 2020-07-06 21:20:37,594 - ERROR - A request to the Telegram API was unsuccessful. The server returned HTTP 404 Not Found. Response body:
[b'{"ok":false,"error_code":404,"description":"Not Found"}']
 2020-07-06 21:21:23,810 - INFO - Starting new HTTPS connection (1): api.telegram.org
 2020-07-06 21:21:25,109 - DEBUG - "GET /bot11f89ba4dfd125337917c5caba6803e888359fb3/getUpdates?offset=1&timeout=20 HTTP/1.1" 404 55
 2020-07-06 21:21:25,133 - ERROR - ApiException occurred, args=('A request to the Telegram API was unsuccessful. The server returned HTTP 404 Not Found. Response body:\n[b\'{"ok":false,"error_code":404,"description":"Not Found"}\']',)
Traceback (most recent call last):
  File "C:\Users\Phantom28\Desktop\Work\projects\bot-master\venv\lib\site-packages\telebot\util.py", line 59, in run
    task(*args, **kwargs)
  File "C:\Users\Phantom28\Desktop\Work\projects\bot-master\venv\lib\site-packages\telebot\__init__.py", line 276, in __retrieve_updates
    updates = self.get_updates(offset=(self.last_update_id + 1), timeout=timeout)
  File "C:\Users\Phantom28\Desktop\Work\projects\bot-master\venv\lib\site-packages\telebot\__init__.py", line 246, in get_updates
    json_updates = apihelper.get_updates(self.token, offset, limit, timeout, allowed_updates)
  File "C:\Users\Phantom28\Desktop\Work\projects\bot-master\venv\lib\site-packages\telebot\apihelper.py", line 180, in get_updates
    return _make_request(token, method_url, params=payload)
  File "C:\Users\Phantom28\Desktop\Work\projects\bot-master\venv\lib\site-packages\telebot\apihelper.py", line 56, in _make_request
    return _check_result(method_name, result)['result']
  File "C:\Users\Phantom28\Desktop\Work\projects\bot-master\venv\lib\site-packages\telebot\apihelper.py", line 75, in _check_result
    raise ApiException(msg, method_name, result)
telebot.apihelper.ApiException: A request to the Telegram API was unsuccessful. The server returned HTTP 404 Not Found. Response body:
[b'{"ok":false,"error_code":404,"description":"Not Found"}']

 2020-07-06 21:21:25,134 - ERROR - A request to the Telegram API was unsuccessful. The server returned HTTP 404 Not Found. Response body:
[b'{"ok":false,"error_code":404,"description":"Not Found"}']
 2020-07-06 21:21:25,522 - DEBUG - "GET /bot11f89ba4dfd125337917c5caba6803e888359fb3/getUpdates?offset=1&timeout=20 HTTP/1.1" 404 55
 2020-07-06 21:21:25,522 - ERROR - ApiException occurred, args=('A request to the Telegram API was unsuccessful. The server returned HTTP 404 Not Found. Response body:\n[b\'{"ok":false,"error_code":404,"description":"Not Found"}\']',)
Traceback (most recent call last):
  File "C:\Users\Phantom28\Desktop\Work\projects\bot-master\venv\lib\site-packages\telebot\util.py", line 59, in run
    task(*args, **kwargs)
  File "C:\Users\Phantom28\Desktop\Work\projects\bot-master\venv\lib\site-packages\telebot\__init__.py", line 276, in __retrieve_updates
    updates = self.get_updates(offset=(self.last_update_id + 1), timeout=timeout)
  File "C:\Users\Phantom28\Desktop\Work\projects\bot-master\venv\lib\site-packages\telebot\__init__.py", line 246, in get_updates
    json_updates = apihelper.get_updates(self.token, offset, limit, timeout, allowed_updates)
  File "C:\Users\Phantom28\Desktop\Work\projects\bot-master\venv\lib\site-packages\telebot\apihelper.py", line 180, in get_updates
    return _make_request(token, method_url, params=payload)
  File "C:\Users\Phantom28\Desktop\Work\projects\bot-master\venv\lib\site-packages\telebot\apihelper.py", line 56, in _make_request
    return _check_result(method_name, result)['result']
  File "C:\Users\Phantom28\Desktop\Work\projects\bot-master\venv\lib\site-packages\telebot\apihelper.py", line 75, in _check_result
    raise ApiException(msg, method_name, result)
telebot.apihelper.ApiException: A request to the Telegram API was unsuccessful. The server returned HTTP 404 Not Found. Response body:
[b'{"ok":false,"error_code":404,"description":"Not Found"}']

 2020-07-06 21:21:25,522 - ERROR - A request to the Telegram API was unsuccessful. The server returned HTTP 404 Not Found. Response body:
[b'{"ok":false,"error_code":404,"description":"Not Found"}']
 2020-07-06 21:21:26,229 - DEBUG - "GET /bot11f89ba4dfd125337917c5caba6803e888359fb3/getUpdates?offset=1&timeout=20 HTTP/1.1" 404 55
 2020-07-06 21:21:26,230 - ERROR - ApiException occurred, args=('A request to the Telegram API was unsuccessful. The server returned HTTP 404 Not Found. Response body:\n[b\'{"ok":false,"error_code":404,"description":"Not Found"}\']',)
Traceback (most recent call last):
  File "C:\Users\Phantom28\Desktop\Work\projects\bot-master\venv\lib\site-packages\telebot\util.py", line 59, in run
    task(*args, **kwargs)
  File "C:\Users\Phantom28\Desktop\Work\projects\bot-master\venv\lib\site-packages\telebot\__init__.py", line 276, in __retrieve_updates
    updates = self.get_updates(offset=(self.last_update_id + 1), timeout=timeout)
  File "C:\Users\Phantom28\Desktop\Work\projects\bot-master\venv\lib\site-packages\telebot\__init__.py", line 246, in get_updates
    json_updates = apihelper.get_updates(self.token, offset, limit, timeout, allowed_updates)
  File "C:\Users\Phantom28\Desktop\Work\projects\bot-master\venv\lib\site-packages\telebot\apihelper.py", line 180, in get_updates
    return _make_request(token, method_url, params=payload)
  File "C:\Users\Phantom28\Desktop\Work\projects\bot-master\venv\lib\site-packages\telebot\apihelper.py", line 56, in _make_request
    return _check_result(method_name, result)['result']
  File "C:\Users\Phantom28\Desktop\Work\projects\bot-master\venv\lib\site-packages\telebot\apihelper.py", line 75, in _check_result
    raise ApiException(msg, method_name, result)
telebot.apihelper.ApiException: A request to the Telegram API was unsuccessful. The server returned HTTP 404 Not Found. Response body:
[b'{"ok":false,"error_code":404,"description":"Not Found"}']

 2020-07-06 21:21:26,230 - ERROR - A request to the Telegram API was unsuccessful. The server returned HTTP 404 Not Found. Response body:
[b'{"ok":false,"error_code":404,"description":"Not Found"}']
 2020-07-06 21:21:27,465 - DEBUG - "GET /bot11f89ba4dfd125337917c5caba6803e888359fb3/getUpdates?offset=1&timeout=20 HTTP/1.1" 404 55
 2020-07-06 21:21:27,466 - ERROR - ApiException occurred, args=('A request to the Telegram API was unsuccessful. The server returned HTTP 404 Not Found. Response body:\n[b\'{"ok":false,"error_code":404,"description":"Not Found"}\']',)
Traceback (most recent call last):
  File "C:\Users\Phantom28\Desktop\Work\projects\bot-master\venv\lib\site-packages\telebot\util.py", line 59, in run
    task(*args, **kwargs)
  File "C:\Users\Phantom28\Desktop\Work\projects\bot-master\venv\lib\site-packages\telebot\__init__.py", line 276, in __retrieve_updates
    updates = self.get_updates(offset=(self.last_update_id + 1), timeout=timeout)
  File "C:\Users\Phantom28\Desktop\Work\projects\bot-master\venv\lib\site-packages\telebot\__init__.py", line 246, in get_updates
    json_updates = apihelper.get_updates(self.token, offset, limit, timeout, allowed_updates)
  File "C:\Users\Phantom28\Desktop\Work\projects\bot-master\venv\lib\site-packages\telebot\apihelper.py", line 180, in get_updates
    return _make_request(token, method_url, params=payload)
  File "C:\Users\Phantom28\Desktop\Work\projects\bot-master\venv\lib\site-packages\telebot\apihelper.py", line 56, in _make_request
    return _check_result(method_name, result)['result']
  File "C:\Users\Phantom28\Desktop\Work\projects\bot-master\venv\lib\site-packages\telebot\apihelper.py", line 75, in _check_result
    raise ApiException(msg, method_name, result)
telebot.apihelper.ApiException: A request to the Telegram API was unsuccessful. The server returned HTTP 404 Not Found. Response body:
[b'{"ok":false,"error_code":404,"description":"Not Found"}']

 2020-07-06 21:21:27,466 - ERROR - A request to the Telegram API was unsuccessful. The server returned HTTP 404 Not Found. Response body:
[b'{"ok":false,"error_code":404,"description":"Not Found"}']
 2020-07-06 21:21:45,843 - INFO - Starting new HTTPS connection (1): api.telegram.org
 2020-07-06 21:21:46,716 - DEBUG - "GET /bot1391169462:AAG3l2DwCxs1Cys4kqh3L2cG32Od7ryb1ZY/getUpdates?offset=1&timeout=20 HTTP/1.1" 200 2680
 2020-07-06 21:21:46,742 - INFO - Starting new HTTPS connection (1): mainfin.ru
 2020-07-06 21:21:46,744 - INFO - Starting new HTTPS connection (1): api.telegram.org
 2020-07-06 21:21:47,432 - DEBUG - "POST /bot1391169462:AAG3l2DwCxs1Cys4kqh3L2cG32Od7ryb1ZY/sendMessage?chat_id=484156065&text=%D0%9F%D1%80%D0%B8%D0%B2%D0%B5%D1%82%21+%0A%D0%9D%D0%B0%D0%BF%D0%B8%D1%88%D0%B8+%D0%B7%D0%B0%D0%BF%D1%80%D0%BE%D1%81+%D1%87%D1%82%D0%BE%D0%B1%D1%8B+%D1%83%D0%B7%D0%BD%D0%B0%D1%82%D1%8C+%D0%BA%D1%83%D1%80%D1%81+%D0%B2%D0%B0%D0%BB%D1%8E%D1%82+%D0%BD%D0%B0+%D1%81%D0%B5%D0%B3%D0%BE%D0%B4%D0%BD%D1%8F.+%0A%D0%9F%D1%80%D0%B8%D0%BC%D0%B5%D1%80+%3A+%D0%9A%D1%83%D1%80%D1%81+%D0%B4%D0%BE%D0%BB%D0%BB%D0%B0%D1%80%D0%B0+%D0%B2+%D0%9C%D0%BE%D1%81%D0%BA%D0%B2%D0%B5 HTTP/1.1" 200 686
 2020-07-06 21:21:47,595 - DEBUG - "POST /bot1391169462:AAG3l2DwCxs1Cys4kqh3L2cG32Od7ryb1ZY/sendMessage?chat_id=484156065&text=%D0%9F%D1%80%D0%B8%D0%B2%D0%B5%D1%82%21+%0A%D0%9D%D0%B0%D0%BF%D0%B8%D1%88%D0%B8+%D0%B7%D0%B0%D0%BF%D1%80%D0%BE%D1%81+%D1%87%D1%82%D0%BE%D0%B1%D1%8B+%D1%83%D0%B7%D0%BD%D0%B0%D1%82%D1%8C+%D0%BA%D1%83%D1%80%D1%81+%D0%B2%D0%B0%D0%BB%D1%8E%D1%82+%D0%BD%D0%B0+%D1%81%D0%B5%D0%B3%D0%BE%D0%B4%D0%BD%D1%8F.+%0A%D0%9F%D1%80%D0%B8%D0%BC%D0%B5%D1%80+%3A+%D0%9A%D1%83%D1%80%D1%81+%D0%B4%D0%BE%D0%BB%D0%BB%D0%B0%D1%80%D0%B0+%D0%B2+%D0%9C%D0%BE%D1%81%D0%BA%D0%B2%D0%B5 HTTP/1.1" 200 686
 2020-07-06 21:21:47,850 - DEBUG - "GET /currency/eur/omsk HTTP/1.1" 200 None
 2020-07-06 21:21:47,858 - DEBUG - "POST /bot1391169462:AAG3l2DwCxs1Cys4kqh3L2cG32Od7ryb1ZY/sendMessage?chat_id=484156065&text=%D0%9F%D1%80%D0%B8%D0%B2%D0%B5%D1%82%21+%0A%D0%9D%D0%B0%D0%BF%D0%B8%D1%88%D0%B8+%D0%B7%D0%B0%D0%BF%D1%80%D0%BE%D1%81+%D1%87%D1%82%D0%BE%D0%B1%D1%8B+%D1%83%D0%B7%D0%BD%D0%B0%D1%82%D1%8C+%D0%BA%D1%83%D1%80%D1%81+%D0%B2%D0%B0%D0%BB%D1%8E%D1%82+%D0%BD%D0%B0+%D1%81%D0%B5%D0%B3%D0%BE%D0%B4%D0%BD%D1%8F.+%0A%D0%9F%D1%80%D0%B8%D0%BC%D0%B5%D1%80+%3A+%D0%9A%D1%83%D1%80%D1%81+%D0%B4%D0%BE%D0%BB%D0%BB%D0%B0%D1%80%D0%B0+%D0%B2+%D0%9C%D0%BE%D1%81%D0%BA%D0%B2%D0%B5 HTTP/1.1" 200 686
 2020-07-06 21:21:48,014 - INFO - Starting new HTTPS connection (1): api.telegram.org
 2020-07-06 21:21:48,023 - DEBUG - "POST /bot1391169462:AAG3l2DwCxs1Cys4kqh3L2cG32Od7ryb1ZY/sendMessage?chat_id=484156065&text=%D0%9F%D1%80%D0%B8%D0%B2%D0%B5%D1%82%21+%0A%D0%9D%D0%B0%D0%BF%D0%B8%D1%88%D0%B8+%D0%B7%D0%B0%D0%BF%D1%80%D0%BE%D1%81+%D1%87%D1%82%D0%BE%D0%B1%D1%8B+%D1%83%D0%B7%D0%BD%D0%B0%D1%82%D1%8C+%D0%BA%D1%83%D1%80%D1%81+%D0%B2%D0%B0%D0%BB%D1%8E%D1%82+%D0%BD%D0%B0+%D1%81%D0%B5%D0%B3%D0%BE%D0%B4%D0%BD%D1%8F.+%0A%D0%9F%D1%80%D0%B8%D0%BC%D0%B5%D1%80+%3A+%D0%9A%D1%83%D1%80%D1%81+%D0%B4%D0%BE%D0%BB%D0%BB%D0%B0%D1%80%D0%B0+%D0%B2+%D0%9C%D0%BE%D1%81%D0%BA%D0%B2%D0%B5 HTTP/1.1" 200 686
 2020-07-06 21:21:48,289 - DEBUG - "POST /bot1391169462:AAG3l2DwCxs1Cys4kqh3L2cG32Od7ryb1ZY/sendMessage?chat_id=484156065&text=%D0%9F%D1%80%D0%B8%D0%B2%D0%B5%D1%82%21+%0A%D0%9D%D0%B0%D0%BF%D0%B8%D1%88%D0%B8+%D0%B7%D0%B0%D0%BF%D1%80%D0%BE%D1%81+%D1%87%D1%82%D0%BE%D0%B1%D1%8B+%D1%83%D0%B7%D0%BD%D0%B0%D1%82%D1%8C+%D0%BA%D1%83%D1%80%D1%81+%D0%B2%D0%B0%D0%BB%D1%8E%D1%82+%D0%BD%D0%B0+%D1%81%D0%B5%D0%B3%D0%BE%D0%B4%D0%BD%D1%8F.+%0A%D0%9F%D1%80%D0%B8%D0%BC%D0%B5%D1%80+%3A+%D0%9A%D1%83%D1%80%D1%81+%D0%B4%D0%BE%D0%BB%D0%BB%D0%B0%D1%80%D0%B0+%D0%B2+%D0%9C%D0%BE%D1%81%D0%BA%D0%B2%D0%B5 HTTP/1.1" 200 686
 2020-07-06 21:21:48,583 - DEBUG - "POST /bot1391169462:AAG3l2DwCxs1Cys4kqh3L2cG32Od7ryb1ZY/sendMessage?chat_id=484156065&text=%D0%9F%D1%80%D0%B8%D0%B2%D0%B5%D1%82%21+%0A%D0%9D%D0%B0%D0%BF%D0%B8%D1%88%D0%B8+%D0%B7%D0%B0%D0%BF%D1%80%D0%BE%D1%81+%D1%87%D1%82%D0%BE%D0%B1%D1%8B+%D1%83%D0%B7%D0%BD%D0%B0%D1%82%D1%8C+%D0%BA%D1%83%D1%80%D1%81+%D0%B2%D0%B0%D0%BB%D1%8E%D1%82+%D0%BD%D0%B0+%D1%81%D0%B5%D0%B3%D0%BE%D0%B4%D0%BD%D1%8F.+%0A%D0%9F%D1%80%D0%B8%D0%BC%D0%B5%D1%80+%3A+%D0%9A%D1%83%D1%80%D1%81+%D0%B4%D0%BE%D0%BB%D0%BB%D0%B0%D1%80%D0%B0+%D0%B2+%D0%9C%D0%BE%D1%81%D0%BA%D0%B2%D0%B5 HTTP/1.1" 200 686
 2020-07-06 21:21:48,764 - DEBUG - "POST /bot1391169462:AAG3l2DwCxs1Cys4kqh3L2cG32Od7ryb1ZY/sendMessage?chat_id=484156065&text=%D0%9F%D1%80%D0%B8%D0%B2%D0%B5%D1%82%21+%0A%D0%9D%D0%B0%D0%BF%D0%B8%D1%88%D0%B8+%D0%B7%D0%B0%D0%BF%D1%80%D0%BE%D1%81+%D1%87%D1%82%D0%BE%D0%B1%D1%8B+%D1%83%D0%B7%D0%BD%D0%B0%D1%82%D1%8C+%D0%BA%D1%83%D1%80%D1%81+%D0%B2%D0%B0%D0%BB%D1%8E%D1%82+%D0%BD%D0%B0+%D1%81%D0%B5%D0%B3%D0%BE%D0%B4%D0%BD%D1%8F.+%0A%D0%9F%D1%80%D0%B8%D0%BC%D0%B5%D1%80+%3A+%D0%9A%D1%83%D1%80%D1%81+%D0%B4%D0%BE%D0%BB%D0%BB%D0%B0%D1%80%D0%B0+%D0%B2+%D0%9C%D0%BE%D1%81%D0%BA%D0%B2%D0%B5 HTTP/1.1" 200 686
 2020-07-06 21:21:49,074 - DEBUG - "POST /bot1391169462:AAG3l2DwCxs1Cys4kqh3L2cG32Od7ryb1ZY/sendMessage?chat_id=484156065&text=%F0%9F%8C%8D%D0%9A%D1%83%D1%80%D1%81+%D0%B5%D0%B2%D1%80%D0%BE+%D0%B2+%D0%9E%D0%BC%D1%81%D0%BA%D0%B5%0A%0A%F0%9F%8F%9B%D0%A1%D0%B1%D0%B5%D1%80%D0%B1%D0%B0%D0%BD%D0%BA%0A%D0%9F%D0%BE%D0%BA%D1%83%D0%BF%D0%BA%D0%B0+-+79.03+%D1%80%D1%83%D0%B1.%0A%D0%9F%D1%80%D0%BE%D0%B4%D0%B0%D0%B6%D0%B0+-+83.05+%D1%80%D1%83%D0%B1.%0A%0A%F0%9F%8F%9B%D0%91%D0%B0%D0%BD%D0%BA+%D0%92%D0%A2%D0%91%0A%D0%9F%D0%BE%D0%BA%D1%83%D0%BF%D0%BA%D0%B0+-+79.35+%D1%80%D1%83%D0%B1.%0A%D0%9F%D1%80%D0%BE%D0%B4%D0%B0%D0%B6%D0%B0+-+83+%D1%80%D1%83%D0%B1.%0A%0A%F0%9F%8F%9B%D0%93%D0%B0%D0%B7%D0%BF%D1%80%D0%BE%D0%BC%D0%B1%D0%B0%D0%BD%D0%BA%0A%D0%9F%D0%BE%D0%BA%D1%83%D0%BF%D0%BA%D0%B0+-+76.9+%D1%80%D1%83%D0%B1.%0A%D0%9F%D1%80%D0%BE%D0%B4%D0%B0%D0%B6%D0%B0+-+85.34+%D1%80%D1%83%D0%B1.%0A%0A%F0%9F%8F%9B%D0%90%D0%BB%D1%8C%D1%84%D0%B0-%D0%91%D0%B0%D0%BD%D0%BA%0A%D0%9F%D0%BE%D0%BA%D1%83%D0%BF%D0%BA%D0%B0+-+80.22+%D1%80%D1%83%D0%B1.%0A%D0%9F%D1%80%D0%BE%D0%B4%D0%B0%D0%B6%D0%B0+-+81.82+%D1%80%D1%83%D0%B1.%0A%0A%F0%9F%8F%9B%D0%A0%D0%BE%D1%81%D1%81%D0%B5%D0%BB%D1%8C%D1%85%D0%BE%D0%B7%D0%B1%D0%B0%D0%BD%D0%BA%0A%D0%9F%D0%BE%D0%BA%D1%83%D0%BF%D0%BA%D0%B0+-+80+%D1%80%D1%83%D0%B1.%0A%D0%9F%D1%80%D0%BE%D0%B4%D0%B0%D0%B6%D0%B0+-+81.6+%D1%80%D1%83%D0%B1.%0A%0A HTTP/1.1" 200 1426
 2020-07-06 21:21:54,398 - DEBUG - "GET /bot1391169462:AAG3l2DwCxs1Cys4kqh3L2cG32Od7ryb1ZY/getUpdates?offset=328727528&timeout=20 HTTP/1.1" 200 342
 2020-07-06 21:21:54,399 - INFO - Starting new HTTPS connection (1): mainfin.ru
 2020-07-06 21:21:54,851 - DEBUG - "GET /currency/eur/omsk HTTP/1.1" 200 None
 2020-07-06 21:21:55,165 - DEBUG - "POST /bot1391169462:AAG3l2DwCxs1Cys4kqh3L2cG32Od7ryb1ZY/sendMessage?chat_id=484156065&text=%F0%9F%8C%8D%D0%9A%D1%83%D1%80%D1%81+%D0%B5%D0%B2%D1%80%D0%BE+%D0%B2+%D0%9E%D0%BC%D1%81%D0%BA%D0%B5%0A%0A%F0%9F%8F%9B%D0%A1%D0%B1%D0%B5%D1%80%D0%B1%D0%B0%D0%BD%D0%BA%0A%D0%9F%D0%BE%D0%BA%D1%83%D0%BF%D0%BA%D0%B0+-+79.03+%D1%80%D1%83%D0%B1.%0A%D0%9F%D1%80%D0%BE%D0%B4%D0%B0%D0%B6%D0%B0+-+83.05+%D1%80%D1%83%D0%B1.%0A%0A%F0%9F%8F%9B%D0%91%D0%B0%D0%BD%D0%BA+%D0%92%D0%A2%D0%91%0A%D0%9F%D0%BE%D0%BA%D1%83%D0%BF%D0%BA%D0%B0+-+79.35+%D1%80%D1%83%D0%B1.%0A%D0%9F%D1%80%D0%BE%D0%B4%D0%B0%D0%B6%D0%B0+-+83+%D1%80%D1%83%D0%B1.%0A%0A%F0%9F%8F%9B%D0%93%D0%B0%D0%B7%D0%BF%D1%80%D0%BE%D0%BC%D0%B1%D0%B0%D0%BD%D0%BA%0A%D0%9F%D0%BE%D0%BA%D1%83%D0%BF%D0%BA%D0%B0+-+76.9+%D1%80%D1%83%D0%B1.%0A%D0%9F%D1%80%D0%BE%D0%B4%D0%B0%D0%B6%D0%B0+-+85.34+%D1%80%D1%83%D0%B1.%0A%0A%F0%9F%8F%9B%D0%90%D0%BB%D1%8C%D1%84%D0%B0-%D0%91%D0%B0%D0%BD%D0%BA%0A%D0%9F%D0%BE%D0%BA%D1%83%D0%BF%D0%BA%D0%B0+-+80.22+%D1%80%D1%83%D0%B1.%0A%D0%9F%D1%80%D0%BE%D0%B4%D0%B0%D0%B6%D0%B0+-+81.82+%D1%80%D1%83%D0%B1.%0A%0A%F0%9F%8F%9B%D0%A0%D0%BE%D1%81%D1%81%D0%B5%D0%BB%D1%8C%D1%85%D0%BE%D0%B7%D0%B1%D0%B0%D0%BD%D0%BA%0A%D0%9F%D0%BE%D0%BA%D1%83%D0%BF%D0%BA%D0%B0+-+80+%D1%80%D1%83%D0%B1.%0A%D0%9F%D1%80%D0%BE%D0%B4%D0%B0%D0%B6%D0%B0+-+81.6+%D1%80%D1%83%D0%B1.%0A%0A HTTP/1.1" 200 1426
 2020-07-07 14:33:11,138 - INFO - Starting new HTTPS connection (1): api.telegram.org
 2020-07-07 14:33:11,940 - DEBUG - "GET /bot1391169462:AAG3l2DwCxs1Cys4kqh3L2cG32Od7ryb1ZY/getUpdates?offset=1&timeout=20 HTTP/1.1" 200 5713
 2020-07-07 14:33:12,850 - INFO - Starting new HTTPS connection (1): api.telegram.org
 2020-07-07 14:33:12,852 - INFO - Starting new HTTPS connection (1): api.telegram.org
 2020-07-07 14:33:13,329 - DEBUG - "POST /bot1391169462:AAG3l2DwCxs1Cys4kqh3L2cG32Od7ryb1ZY/sendMessage?chat_id=484156065&text=%D0%9F%D1%80%D0%B8%D0%B2%D0%B5%D1%82%21+%0A%D0%9D%D0%B0%D0%BF%D0%B8%D1%88%D0%B8+%D0%B7%D0%B0%D0%BF%D1%80%D0%BE%D1%81+%D1%87%D1%82%D0%BE%D0%B1%D1%8B+%D1%83%D0%B7%D0%BD%D0%B0%D1%82%D1%8C+%D0%BA%D1%83%D1%80%D1%81+%D0%B2%D0%B0%D0%BB%D1%8E%D1%82+%D0%BD%D0%B0+%D1%81%D0%B5%D0%B3%D0%BE%D0%B4%D0%BD%D1%8F.+%0A%D0%9F%D1%80%D0%B8%D0%BC%D0%B5%D1%80+%3A+%D0%9A%D1%83%D1%80%D1%81+%D0%B4%D0%BE%D0%BB%D0%BB%D0%B0%D1%80%D0%B0+%D0%B2+%D0%9C%D0%BE%D1%81%D0%BA%D0%B2%D0%B5 HTTP/1.1" 200 686
 2020-07-07 14:33:13,379 - DEBUG - "POST /bot1391169462:AAG3l2DwCxs1Cys4kqh3L2cG32Od7ryb1ZY/sendMessage?chat_id=484156065&text=%D0%9F%D1%80%D0%B8%D0%B2%D0%B5%D1%82%21+%0A%D0%9D%D0%B0%D0%BF%D0%B8%D1%88%D0%B8+%D0%B7%D0%B0%D0%BF%D1%80%D0%BE%D1%81+%D1%87%D1%82%D0%BE%D0%B1%D1%8B+%D1%83%D0%B7%D0%BD%D0%B0%D1%82%D1%8C+%D0%BA%D1%83%D1%80%D1%81+%D0%B2%D0%B0%D0%BB%D1%8E%D1%82+%D0%BD%D0%B0+%D1%81%D0%B5%D0%B3%D0%BE%D0%B4%D0%BD%D1%8F.+%0A%D0%9F%D1%80%D0%B8%D0%BC%D0%B5%D1%80+%3A+%D0%9A%D1%83%D1%80%D1%81+%D0%B4%D0%BE%D0%BB%D0%BB%D0%B0%D1%80%D0%B0+%D0%B2+%D0%9C%D0%BE%D1%81%D0%BA%D0%B2%D0%B5 HTTP/1.1" 200 686
 2020-07-07 14:33:13,541 - DEBUG - "POST /bot1391169462:AAG3l2DwCxs1Cys4kqh3L2cG32Od7ryb1ZY/sendMessage?chat_id=484156065&text=%D0%9F%D1%80%D0%B8%D0%B2%D0%B5%D1%82%21+%0A%D0%9D%D0%B0%D0%BF%D0%B8%D1%88%D0%B8+%D0%B7%D0%B0%D0%BF%D1%80%D0%BE%D1%81+%D1%87%D1%82%D0%BE%D0%B1%D1%8B+%D1%83%D0%B7%D0%BD%D0%B0%D1%82%D1%8C+%D0%BA%D1%83%D1%80%D1%81+%D0%B2%D0%B0%D0%BB%D1%8E%D1%82+%D0%BD%D0%B0+%D1%81%D0%B5%D0%B3%D0%BE%D0%B4%D0%BD%D1%8F.+%0A%D0%9F%D1%80%D0%B8%D0%BC%D0%B5%D1%80+%3A+%D0%9A%D1%83%D1%80%D1%81+%D0%B4%D0%BE%D0%BB%D0%BB%D0%B0%D1%80%D0%B0+%D0%B2+%D0%9C%D0%BE%D1%81%D0%BA%D0%B2%D0%B5 HTTP/1.1" 200 686
 2020-07-07 14:33:13,592 - DEBUG - "POST /bot1391169462:AAG3l2DwCxs1Cys4kqh3L2cG32Od7ryb1ZY/sendMessage?chat_id=484156065&text=%D0%9F%D1%80%D0%B8%D0%B2%D0%B5%D1%82%21+%0A%D0%9D%D0%B0%D0%BF%D0%B8%D1%88%D0%B8+%D0%B7%D0%B0%D0%BF%D1%80%D0%BE%D1%81+%D1%87%D1%82%D0%BE%D0%B1%D1%8B+%D1%83%D0%B7%D0%BD%D0%B0%D1%82%D1%8C+%D0%BA%D1%83%D1%80%D1%81+%D0%B2%D0%B0%D0%BB%D1%8E%D1%82+%D0%BD%D0%B0+%D1%81%D0%B5%D0%B3%D0%BE%D0%B4%D0%BD%D1%8F.+%0A%D0%9F%D1%80%D0%B8%D0%BC%D0%B5%D1%80+%3A+%D0%9A%D1%83%D1%80%D1%81+%D0%B4%D0%BE%D0%BB%D0%BB%D0%B0%D1%80%D0%B0+%D0%B2+%D0%9C%D0%BE%D1%81%D0%BA%D0%B2%D0%B5 HTTP/1.1" 200 686
 2020-07-07 14:33:13,757 - DEBUG - "POST /bot1391169462:AAG3l2DwCxs1Cys4kqh3L2cG32Od7ryb1ZY/sendMessage?chat_id=484156065&text=%D0%9F%D1%80%D0%B8%D0%B2%D0%B5%D1%82%21+%0A%D0%9D%D0%B0%D0%BF%D0%B8%D1%88%D0%B8+%D0%B7%D0%B0%D0%BF%D1%80%D0%BE%D1%81+%D1%87%D1%82%D0%BE%D0%B1%D1%8B+%D1%83%D0%B7%D0%BD%D0%B0%D1%82%D1%8C+%D0%BA%D1%83%D1%80%D1%81+%D0%B2%D0%B0%D0%BB%D1%8E%D1%82+%D0%BD%D0%B0+%D1%81%D0%B5%D0%B3%D0%BE%D0%B4%D0%BD%D1%8F.+%0A%D0%9F%D1%80%D0%B8%D0%BC%D0%B5%D1%80+%3A+%D0%9A%D1%83%D1%80%D1%81+%D0%B4%D0%BE%D0%BB%D0%BB%D0%B0%D1%80%D0%B0+%D0%B2+%D0%9C%D0%BE%D1%81%D0%BA%D0%B2%D0%B5 HTTP/1.1" 200 686
 2020-07-07 14:33:13,793 - DEBUG - "POST /bot1391169462:AAG3l2DwCxs1Cys4kqh3L2cG32Od7ryb1ZY/sendMessage?chat_id=484156065&text=%D0%9F%D1%80%D0%B8%D0%B2%D0%B5%D1%82%21+%0A%D0%9D%D0%B0%D0%BF%D0%B8%D1%88%D0%B8+%D0%B7%D0%B0%D0%BF%D1%80%D0%BE%D1%81+%D1%87%D1%82%D0%BE%D0%B1%D1%8B+%D1%83%D0%B7%D0%BD%D0%B0%D1%82%D1%8C+%D0%BA%D1%83%D1%80%D1%81+%D0%B2%D0%B0%D0%BB%D1%8E%D1%82+%D0%BD%D0%B0+%D1%81%D0%B5%D0%B3%D0%BE%D0%B4%D0%BD%D1%8F.+%0A%D0%9F%D1%80%D0%B8%D0%BC%D0%B5%D1%80+%3A+%D0%9A%D1%83%D1%80%D1%81+%D0%B4%D0%BE%D0%BB%D0%BB%D0%B0%D1%80%D0%B0+%D0%B2+%D0%9C%D0%BE%D1%81%D0%BA%D0%B2%D0%B5 HTTP/1.1" 200 686
 2020-07-07 14:33:13,985 - DEBUG - "POST /bot1391169462:AAG3l2DwCxs1Cys4kqh3L2cG32Od7ryb1ZY/sendMessage?chat_id=484156065&text=%D0%9F%D1%80%D0%B8%D0%B2%D0%B5%D1%82%21+%0A%D0%9D%D0%B0%D0%BF%D0%B8%D1%88%D0%B8+%D0%B7%D0%B0%D0%BF%D1%80%D0%BE%D1%81+%D1%87%D1%82%D0%BE%D0%B1%D1%8B+%D1%83%D0%B7%D0%BD%D0%B0%D1%82%D1%8C+%D0%BA%D1%83%D1%80%D1%81+%D0%B2%D0%B0%D0%BB%D1%8E%D1%82+%D0%BD%D0%B0+%D1%81%D0%B5%D0%B3%D0%BE%D0%B4%D0%BD%D1%8F.+%0A%D0%9F%D1%80%D0%B8%D0%BC%D0%B5%D1%80+%3A+%D0%9A%D1%83%D1%80%D1%81+%D0%B4%D0%BE%D0%BB%D0%BB%D0%B0%D1%80%D0%B0+%D0%B2+%D0%9C%D0%BE%D1%81%D0%BA%D0%B2%D0%B5 HTTP/1.1" 200 686
 2020-07-07 14:33:13,991 - DEBUG - "POST /bot1391169462:AAG3l2DwCxs1Cys4kqh3L2cG32Od7ryb1ZY/sendMessage?chat_id=484156065&text=%D0%9F%D1%80%D0%B8%D0%B2%D0%B5%D1%82%21+%0A%D0%9D%D0%B0%D0%BF%D0%B8%D1%88%D0%B8+%D0%B7%D0%B0%D0%BF%D1%80%D0%BE%D1%81+%D1%87%D1%82%D0%BE%D0%B1%D1%8B+%D1%83%D0%B7%D0%BD%D0%B0%D1%82%D1%8C+%D0%BA%D1%83%D1%80%D1%81+%D0%B2%D0%B0%D0%BB%D1%8E%D1%82+%D0%BD%D0%B0+%D1%81%D0%B5%D0%B3%D0%BE%D0%B4%D0%BD%D1%8F.+%0A%D0%9F%D1%80%D0%B8%D0%BC%D0%B5%D1%80+%3A+%D0%9A%D1%83%D1%80%D1%81+%D0%B4%D0%BE%D0%BB%D0%BB%D0%B0%D1%80%D0%B0+%D0%B2+%D0%9C%D0%BE%D1%81%D0%BA%D0%B2%D0%B5 HTTP/1.1" 200 686
 2020-07-07 14:33:14,287 - DEBUG - "POST /bot1391169462:AAG3l2DwCxs1Cys4kqh3L2cG32Od7ryb1ZY/sendMessage?chat_id=484156065&text=%D0%9F%D1%80%D0%B8%D0%B2%D0%B5%D1%82%21+%0A%D0%9D%D0%B0%D0%BF%D0%B8%D1%88%D0%B8+%D0%B7%D0%B0%D0%BF%D1%80%D0%BE%D1%81+%D1%87%D1%82%D0%BE%D0%B1%D1%8B+%D1%83%D0%B7%D0%BD%D0%B0%D1%82%D1%8C+%D0%BA%D1%83%D1%80%D1%81+%D0%B2%D0%B0%D0%BB%D1%8E%D1%82+%D0%BD%D0%B0+%D1%81%D0%B5%D0%B3%D0%BE%D0%B4%D0%BD%D1%8F.+%0A%D0%9F%D1%80%D0%B8%D0%BC%D0%B5%D1%80+%3A+%D0%9A%D1%83%D1%80%D1%81+%D0%B4%D0%BE%D0%BB%D0%BB%D0%B0%D1%80%D0%B0+%D0%B2+%D0%9C%D0%BE%D1%81%D0%BA%D0%B2%D0%B5 HTTP/1.1" 200 686
 2020-07-07 14:33:14,287 - DEBUG - "POST /bot1391169462:AAG3l2DwCxs1Cys4kqh3L2cG32Od7ryb1ZY/sendMessage?chat_id=484156065&text=%D0%9F%D1%80%D0%B8%D0%B2%D0%B5%D1%82%21+%0A%D0%9D%D0%B0%D0%BF%D0%B8%D1%88%D0%B8+%D0%B7%D0%B0%D0%BF%D1%80%D0%BE%D1%81+%D1%87%D1%82%D0%BE%D0%B1%D1%8B+%D1%83%D0%B7%D0%BD%D0%B0%D1%82%D1%8C+%D0%BA%D1%83%D1%80%D1%81+%D0%B2%D0%B0%D0%BB%D1%8E%D1%82+%D0%BD%D0%B0+%D1%81%D0%B5%D0%B3%D0%BE%D0%B4%D0%BD%D1%8F.+%0A%D0%9F%D1%80%D0%B8%D0%BC%D0%B5%D1%80+%3A+%D0%9A%D1%83%D1%80%D1%81+%D0%B4%D0%BE%D0%BB%D0%BB%D0%B0%D1%80%D0%B0+%D0%B2+%D0%9C%D0%BE%D1%81%D0%BA%D0%B2%D0%B5 HTTP/1.1" 200 686
 2020-07-07 14:33:14,497 - DEBUG - "POST /bot1391169462:AAG3l2DwCxs1Cys4kqh3L2cG32Od7ryb1ZY/sendMessage?chat_id=484156065&text=%D0%9F%D1%80%D0%B8%D0%B2%D0%B5%D1%82%21+%0A%D0%9D%D0%B0%D0%BF%D0%B8%D1%88%D0%B8+%D0%B7%D0%B0%D0%BF%D1%80%D0%BE%D1%81+%D1%87%D1%82%D0%BE%D0%B1%D1%8B+%D1%83%D0%B7%D0%BD%D0%B0%D1%82%D1%8C+%D0%BA%D1%83%D1%80%D1%81+%D0%B2%D0%B0%D0%BB%D1%8E%D1%82+%D0%BD%D0%B0+%D1%81%D0%B5%D0%B3%D0%BE%D0%B4%D0%BD%D1%8F.+%0A%D0%9F%D1%80%D0%B8%D0%BC%D0%B5%D1%80+%3A+%D0%9A%D1%83%D1%80%D1%81+%D0%B4%D0%BE%D0%BB%D0%BB%D0%B0%D1%80%D0%B0+%D0%B2+%D0%9C%D0%BE%D1%81%D0%BA%D0%B2%D0%B5 HTTP/1.1" 200 686
 2020-07-07 14:33:14,521 - DEBUG - "POST /bot1391169462:AAG3l2DwCxs1Cys4kqh3L2cG32Od7ryb1ZY/sendMessage?chat_id=484156065&text=%D0%9F%D1%80%D0%B8%D0%B2%D0%B5%D1%82%21+%0A%D0%9D%D0%B0%D0%BF%D0%B8%D1%88%D0%B8+%D0%B7%D0%B0%D0%BF%D1%80%D0%BE%D1%81+%D1%87%D1%82%D0%BE%D0%B1%D1%8B+%D1%83%D0%B7%D0%BD%D0%B0%D1%82%D1%8C+%D0%BA%D1%83%D1%80%D1%81+%D0%B2%D0%B0%D0%BB%D1%8E%D1%82+%D0%BD%D0%B0+%D1%81%D0%B5%D0%B3%D0%BE%D0%B4%D0%BD%D1%8F.+%0A%D0%9F%D1%80%D0%B8%D0%BC%D0%B5%D1%80+%3A+%D0%9A%D1%83%D1%80%D1%81+%D0%B4%D0%BE%D0%BB%D0%BB%D0%B0%D1%80%D0%B0+%D0%B2+%D0%9C%D0%BE%D1%81%D0%BA%D0%B2%D0%B5 HTTP/1.1" 200 686
 2020-07-07 14:33:14,760 - DEBUG - "POST /bot1391169462:AAG3l2DwCxs1Cys4kqh3L2cG32Od7ryb1ZY/sendMessage?chat_id=484156065&text=%D0%9F%D1%80%D0%B8%D0%B2%D0%B5%D1%82%21+%0A%D0%9D%D0%B0%D0%BF%D0%B8%D1%88%D0%B8+%D0%B7%D0%B0%D0%BF%D1%80%D0%BE%D1%81+%D1%87%D1%82%D0%BE%D0%B1%D1%8B+%D1%83%D0%B7%D0%BD%D0%B0%D1%82%D1%8C+%D0%BA%D1%83%D1%80%D1%81+%D0%B2%D0%B0%D0%BB%D1%8E%D1%82+%D0%BD%D0%B0+%D1%81%D0%B5%D0%B3%D0%BE%D0%B4%D0%BD%D1%8F.+%0A%D0%9F%D1%80%D0%B8%D0%BC%D0%B5%D1%80+%3A+%D0%9A%D1%83%D1%80%D1%81+%D0%B4%D0%BE%D0%BB%D0%BB%D0%B0%D1%80%D0%B0+%D0%B2+%D0%9C%D0%BE%D1%81%D0%BA%D0%B2%D0%B5 HTTP/1.1" 200 686
 2020-07-07 14:33:14,765 - DEBUG - "POST /bot1391169462:AAG3l2DwCxs1Cys4kqh3L2cG32Od7ryb1ZY/sendMessage?chat_id=484156065&text=%D0%9F%D1%80%D0%B8%D0%B2%D0%B5%D1%82%21+%0A%D0%9D%D0%B0%D0%BF%D0%B8%D1%88%D0%B8+%D0%B7%D0%B0%D0%BF%D1%80%D0%BE%D1%81+%D1%87%D1%82%D0%BE%D0%B1%D1%8B+%D1%83%D0%B7%D0%BD%D0%B0%D1%82%D1%8C+%D0%BA%D1%83%D1%80%D1%81+%D0%B2%D0%B0%D0%BB%D1%8E%D1%82+%D0%BD%D0%B0+%D1%81%D0%B5%D0%B3%D0%BE%D0%B4%D0%BD%D1%8F.+%0A%D0%9F%D1%80%D0%B8%D0%BC%D0%B5%D1%80+%3A+%D0%9A%D1%83%D1%80%D1%81+%D0%B4%D0%BE%D0%BB%D0%BB%D0%B0%D1%80%D0%B0+%D0%B2+%D0%9C%D0%BE%D1%81%D0%BA%D0%B2%D0%B5 HTTP/1.1" 200 686
 2020-07-07 14:33:15,004 - DEBUG - "POST /bot1391169462:AAG3l2DwCxs1Cys4kqh3L2cG32Od7ryb1ZY/sendMessage?chat_id=484156065&text=%D0%9F%D1%80%D0%B8%D0%B2%D0%B5%D1%82%21+%0A%D0%9D%D0%B0%D0%BF%D0%B8%D1%88%D0%B8+%D0%B7%D0%B0%D0%BF%D1%80%D0%BE%D1%81+%D1%87%D1%82%D0%BE%D0%B1%D1%8B+%D1%83%D0%B7%D0%BD%D0%B0%D1%82%D1%8C+%D0%BA%D1%83%D1%80%D1%81+%D0%B2%D0%B0%D0%BB%D1%8E%D1%82+%D0%BD%D0%B0+%D1%81%D0%B5%D0%B3%D0%BE%D0%B4%D0%BD%D1%8F.+%0A%D0%9F%D1%80%D0%B8%D0%BC%D0%B5%D1%80+%3A+%D0%9A%D1%83%D1%80%D1%81+%D0%B4%D0%BE%D0%BB%D0%BB%D0%B0%D1%80%D0%B0+%D0%B2+%D0%9C%D0%BE%D1%81%D0%BA%D0%B2%D0%B5 HTTP/1.1" 200 686
 2020-07-07 14:33:15,005 - DEBUG - "POST /bot1391169462:AAG3l2DwCxs1Cys4kqh3L2cG32Od7ryb1ZY/sendMessage?chat_id=484156065&text=%D0%9F%D1%80%D0%B8%D0%B2%D0%B5%D1%82%21+%0A%D0%9D%D0%B0%D0%BF%D0%B8%D1%88%D0%B8+%D0%B7%D0%B0%D0%BF%D1%80%D0%BE%D1%81+%D1%87%D1%82%D0%BE%D0%B1%D1%8B+%D1%83%D0%B7%D0%BD%D0%B0%D1%82%D1%8C+%D0%BA%D1%83%D1%80%D1%81+%D0%B2%D0%B0%D0%BB%D1%8E%D1%82+%D0%BD%D0%B0+%D1%81%D0%B5%D0%B3%D0%BE%D0%B4%D0%BD%D1%8F.+%0A%D0%9F%D1%80%D0%B8%D0%BC%D0%B5%D1%80+%3A+%D0%9A%D1%83%D1%80%D1%81+%D0%B4%D0%BE%D0%BB%D0%BB%D0%B0%D1%80%D0%B0+%D0%B2+%D0%9C%D0%BE%D1%81%D0%BA%D0%B2%D0%B5 HTTP/1.1" 200 686
 2020-07-07 14:33:15,210 - DEBUG - "POST /bot1391169462:AAG3l2DwCxs1Cys4kqh3L2cG32Od7ryb1ZY/sendMessage?chat_id=484156065&text=%D0%9F%D1%80%D0%B8%D0%B2%D0%B5%D1%82%21+%0A%D0%9D%D0%B0%D0%BF%D0%B8%D1%88%D0%B8+%D0%B7%D0%B0%D0%BF%D1%80%D0%BE%D1%81+%D1%87%D1%82%D0%BE%D0%B1%D1%8B+%D1%83%D0%B7%D0%BD%D0%B0%D1%82%D1%8C+%D0%BA%D1%83%D1%80%D1%81+%D0%B2%D0%B0%D0%BB%D1%8E%D1%82+%D0%BD%D0%B0+%D1%81%D0%B5%D0%B3%D0%BE%D0%B4%D0%BD%D1%8F.+%0A%D0%9F%D1%80%D0%B8%D0%BC%D0%B5%D1%80+%3A+%D0%9A%D1%83%D1%80%D1%81+%D0%B4%D0%BE%D0%BB%D0%BB%D0%B0%D1%80%D0%B0+%D0%B2+%D0%9C%D0%BE%D1%81%D0%BA%D0%B2%D0%B5 HTTP/1.1" 200 686
 2020-07-07 14:33:33,028 - DEBUG - "GET /bot1391169462:AAG3l2DwCxs1Cys4kqh3L2cG32Od7ryb1ZY/getUpdates?offset=328727546&timeout=20 HTTP/1.1" 200 23
 2020-07-07 14:33:53,140 - DEBUG - "GET /bot1391169462:AAG3l2DwCxs1Cys4kqh3L2cG32Od7ryb1ZY/getUpdates?offset=328727546&timeout=20 HTTP/1.1" 200 23
 2020-07-07 14:34:13,284 - DEBUG - "GET /bot1391169462:AAG3l2DwCxs1Cys4kqh3L2cG32Od7ryb1ZY/getUpdates?offset=328727546&timeout=20 HTTP/1.1" 200 23
 2020-07-07 14:34:33,405 - DEBUG - "GET /bot1391169462:AAG3l2DwCxs1Cys4kqh3L2cG32Od7ryb1ZY/getUpdates?offset=328727546&timeout=20 HTTP/1.1" 200 23
 2020-07-07 14:34:53,518 - DEBUG - "GET /bot1391169462:AAG3l2DwCxs1Cys4kqh3L2cG32Od7ryb1ZY/getUpdates?offset=328727546&timeout=20 HTTP/1.1" 200 23
 2020-07-07 14:35:13,635 - DEBUG - "GET /bot1391169462:AAG3l2DwCxs1Cys4kqh3L2cG32Od7ryb1ZY/getUpdates?offset=328727546&timeout=20 HTTP/1.1" 200 23
 2020-07-07 14:35:33,750 - DEBUG - "GET /bot1391169462:AAG3l2DwCxs1Cys4kqh3L2cG32Od7ryb1ZY/getUpdates?offset=328727546&timeout=20 HTTP/1.1" 200 23
 2020-07-07 14:35:53,868 - DEBUG - "GET /bot1391169462:AAG3l2DwCxs1Cys4kqh3L2cG32Od7ryb1ZY/getUpdates?offset=328727546&timeout=20 HTTP/1.1" 200 23
 2020-07-07 14:36:14,003 - DEBUG - "GET /bot1391169462:AAG3l2DwCxs1Cys4kqh3L2cG32Od7ryb1ZY/getUpdates?offset=328727546&timeout=20 HTTP/1.1" 200 23
 2020-07-07 14:36:34,123 - DEBUG - "GET /bot1391169462:AAG3l2DwCxs1Cys4kqh3L2cG32Od7ryb1ZY/getUpdates?offset=328727546&timeout=20 HTTP/1.1" 200 23
 2020-07-07 14:36:54,264 - DEBUG - "GET /bot1391169462:AAG3l2DwCxs1Cys4kqh3L2cG32Od7ryb1ZY/getUpdates?offset=328727546&timeout=20 HTTP/1.1" 200 23
 2020-07-07 14:37:14,420 - DEBUG - "GET /bot1391169462:AAG3l2DwCxs1Cys4kqh3L2cG32Od7ryb1ZY/getUpdates?offset=328727546&timeout=20 HTTP/1.1" 200 23
 2020-07-07 14:37:34,533 - DEBUG - "GET /bot1391169462:AAG3l2DwCxs1Cys4kqh3L2cG32Od7ryb1ZY/getUpdates?offset=328727546&timeout=20 HTTP/1.1" 200 23
